[THREAD:MainThread MODULE:system_utilities FILE_LINE:system_utilities.py:77] DEBUG: Initializing a command line argument parser.
[THREAD:MainThread MODULE:system_utilities FILE_LINE:system_utilities.py:128] DEBUG: Initialized a command line argument parser with arguments ArgumentParser(prog='__main__.py', usage=None, description='Generates disambiguating paraphrases for ambiguities appearing in novel text.', version=None, formatter_class=<class 'argparse.HelpFormatter'>, conflict_handler='error', add_help=True)
[THREAD:MainThread MODULE:system_utilities FILE_LINE:system_utilities.py:142] DEBUG: Gathering the following files: ['test_small'] 
[THREAD:MainThread MODULE:system_utilities FILE_LINE:system_utilities.py:145] DEBUG: Gathering file names from directory data/novel_dev
[THREAD:MainThread MODULE:system_utilities FILE_LINE:system_utilities.py:152] DEBUG: Sorting the following file names by file size: ['data/novel_dev/test_small']
[THREAD:MainThread MODULE:system_utilities FILE_LINE:system_utilities.py:157] DEBUG: Sorted 1 files by file size.
[THREAD:MainThread MODULE:system_utilities FILE_LINE:system_utilities.py:64] DEBUG: Calculating the number of effective threads that can be created for processing files.
[THREAD:MainThread MODULE:system_utilities FILE_LINE:system_utilities.py:44] DEBUG: Checking maximum RAM usage allowed by ccg file /home/hill1303/openccg/bin/ccg-env
[THREAD:MainThread MODULE:system_utilities FILE_LINE:system_utilities.py:51] DEBUG: Max RAM usage for ccg-build is 8
[THREAD:MainThread MODULE:system_utilities FILE_LINE:system_utilities.py:22] DEBUG: Checking amount of available RAM.
[THREAD:MainThread MODULE:system_utilities FILE_LINE:system_utilities.py:25] DEBUG: Using a linux2 OS.
[THREAD:MainThread MODULE:system_utilities FILE_LINE:system_utilities.py:27] DEBUG: Executing command: free -g | grep Mem: | awk {print $2}
[THREAD:MainThread MODULE:system_utilities FILE_LINE:system_utilities.py:37] DEBUG: 7G of RAM is available for system use.
[THREAD:MainThread MODULE:system_utilities FILE_LINE:system_utilities.py:72] DEBUG: Can only create 1 threads
[THREAD:Thread-1 MODULE:disambig_utilities FILE_LINE:disambig_utilities.py:46] INFO: Attempting to process data/novel_dev/test_small with 0 files left to process...
[THREAD:Thread-1 MODULE:disambig_utilities FILE_LINE:disambig_utilities.py:16] DEBUG: Processing text file data/novel_dev/test_small into directory data/novel_dev/test_small.dir
[THREAD:Thread-1 MODULE:disambig_utilities FILE_LINE:disambig_utilities.py:19] DEBUG: Parsing text file data/novel_dev/test_small 
[THREAD:Thread-1 MODULE:build_utilities FILE_LINE:build_utilities.py:30] DEBUG: Attempting to parse /home/hill1303/openccg/ccgbank/data/novel_dev/test_small using target test-parser-novel-nbest.
[THREAD:Thread-1 MODULE:build_utilities FILE_LINE:build_utilities.py:36] DEBUG: Finished parsing data/novel_dev/test_small with captured output Buildfile: /home/hill1303/openccg/ccgbank/build-ps.xml

init:

prepare-novel-dir:
    [mkdir] Created dir: /home/hill1303/openccg/ccgbank/data/novel_dev/test_small.dir

check-for-tok:

prepare-novel-text:

check-truecased-text:

truecase-text:
     [echo] Truecasing text for NER tagging into file data/novel_dev/test_small.dir/truecased-text

check-for-ner:

ner-tag-text:
     [echo] NER tagging into file data/novel_dev/test_small.dir/nertext
     [echo] Models: ./stanford-nlp/classifiers/english.all.3class.distsim.crf.ser.gz , ./stanford-nlp/classifiers/english.muc.7class.distsim.crf.ser.gz, ./stanford-nlp/classifiers/english.conll.4class.distsim.crf.ser.gz
   [delete] Deleting: /home/hill1303/openccg/ccgbank/data/novel_dev/test_small.dir/tmplogf

check-for-pos-prep:

postag-prep:

check-novel-pos-tags:

postag-novel:
     [echo] POS tagging novel sentences to data/novel_dev/test_small.dir/pos

check-merged-ne-pos:

merge-ne-pos:
     [echo] Merging POS-tagged words and NE-labelled words for morph file creation

check-novel-morph-xml:

make-novel-morph-xml:
     [echo] Sorting and stemming to data/novel_dev/test_small.dir/morph
   [delete] Deleting: /home/hill1303/openccg/ccgbank/data/novel_dev/test_small.dir/tmplogf

copy-train-grammar-novel:
     [echo] Copying training grammar with cutoffs and other miscellanea to data/novel_dev/test_small.dir/extract/
     [copy] Copying 4 files to /home/hill1303/openccg/ccgbank/data/novel_dev/test_small.dir/extract
     [copy] Copying 4 files to /home/hill1303/openccg/ccgbank/data/novel_dev/test_small.dir/extract
     [copy] Copying 1 file to /home/hill1303/openccg/ccgbank/data/novel_dev/test_small.dir/extract/info

merge-novel-morph-xml:
     [echo] Merging training morph (with cutoffs) and novel morph to data/novel_dev/test_small.dir/extract/morph.xml
     [xslt] Processing /home/hill1303/openccg/ccgbank/extract/grammars/train-cfc10/morph.xml to /home/hill1303/openccg/ccgbank/data/novel_dev/test_small.dir/extract/morph.xml
     [xslt] Loading stylesheet /home/hill1303/openccg/ccgbank/templates/mergeMorph.xsl

check-test-parser-novel-nbest:

test-parser-novel-nbest:
     [echo] Loading parse.prefs
     [echo] Parsing data/novel_dev/test_small.dir/nertext-nolabs to data/novel_dev/test_small.dir/tb.xml

BUILD SUCCESSFUL
Total time: 25 seconds

[THREAD:Thread-1 MODULE:rewrite_utilities FILE_LINE:rewrite_utilities.py:284] DEBUG: Applying possible rewrites to sentences [Sentence(parent_file_name: data/novel_dev/test_small, full_id: s1, top_parse: <Parse: s1-1>,next_best_parse: <Parse: s1-2>]
[THREAD:Thread-1 MODULE:reversal_utilities FILE_LINE:reversal_utilities.py:30] DEBUG: Building up the xpath expression to a node in an xml tree.
[THREAD:Thread-1 MODULE:reversal_utilities FILE_LINE:reversal_utilities.py:47] DEBUG: Built xpath expression "node[@pred="PASS"][@tense="past"][@mood="dcl"]/rel[@name="Arg1"]/node[@pred="stop.01"][@partic="pass"]" to an xml tree node.
[THREAD:Thread-1 MODULE:reversal_utilities FILE_LINE:reversal_utilities.py:30] DEBUG: Building up the xpath expression to a node in an xml tree.
[THREAD:Thread-1 MODULE:reversal_utilities FILE_LINE:reversal_utilities.py:47] DEBUG: Built xpath expression "node[@pred="PASS"][@tense="past"][@mood="dcl"]/rel[@name="Arg1"]/node[@pred="stop.01"][@partic="pass"]/rel[@name="Arg0"]/node[@pred="by"]/rel[@name="Arg1"]/node[@pred="him"]" to an xml tree node.
[THREAD:Thread-1 MODULE:reversal_utilities FILE_LINE:reversal_utilities.py:30] DEBUG: Building up the xpath expression to a node in an xml tree.
[THREAD:Thread-1 MODULE:reversal_utilities FILE_LINE:reversal_utilities.py:47] DEBUG: Built xpath expression "node[@pred="PASS"][@tense="past"][@mood="dcl"]/rel[@name="Arg0"]/node[@pred="Godzilla"][@num="sg"]" to an xml tree node.
[THREAD:Thread-1 MODULE:reversal_utilities FILE_LINE:reversal_utilities.py:30] DEBUG: Building up the xpath expression to a node in an xml tree.
[THREAD:Thread-1 MODULE:reversal_utilities FILE_LINE:reversal_utilities.py:47] DEBUG: Built xpath expression "node[@pred="PASS"][@tense="past"][@mood="dcl"]/rel[@name="Arg1"]/node[@pred="stop.01"][@partic="pass"]/rel[@name="Mod"]/node[@pred="with"]" to an xml tree node.
[THREAD:Thread-1 MODULE:reversal_utilities FILE_LINE:reversal_utilities.py:30] DEBUG: Building up the xpath expression to a node in an xml tree.
[THREAD:Thread-1 MODULE:reversal_utilities FILE_LINE:reversal_utilities.py:47] DEBUG: Built xpath expression "node[@pred="PASS"][@tense="past"][@mood="dcl"]/rel[@name="Arg1"]/node[@pred="stop.01"][@partic="pass"]/rel[@name="Mod"]/node[@pred="with"]/rel[@name="Arg1"]/node[@pred="laser"][@num="sg"]" to an xml tree node.
[THREAD:Thread-1 MODULE:reversal_utilities FILE_LINE:reversal_utilities.py:30] DEBUG: Building up the xpath expression to a node in an xml tree.
[THREAD:Thread-1 MODULE:reversal_utilities FILE_LINE:reversal_utilities.py:47] DEBUG: Built xpath expression "node[@pred="PASS"][@tense="past"][@mood="dcl"]/rel[@name="Arg1"]/node[@pred="stop.01"][@partic="pass"]/rel[@name="Mod"]/node[@pred="with"]/rel[@name="Arg1"]/node[@pred="laser"][@num="sg"]/rel[@name="Det"]/node[@pred="the"]" to an xml tree node.
[THREAD:Thread-1 MODULE:reversal_utilities FILE_LINE:reversal_utilities.py:30] DEBUG: Building up the xpath expression to a node in an xml tree.
[THREAD:Thread-1 MODULE:reversal_utilities FILE_LINE:reversal_utilities.py:47] DEBUG: Built xpath expression "node[@pred="be"][@tense="past"][@mood="dcl"]/rel[@name="Arg1"]/node/rel[@name="GenRel"]/node[@pred="stop.01"][@tense="past"]" to an xml tree node.
[THREAD:Thread-1 MODULE:reversal_utilities FILE_LINE:reversal_utilities.py:30] DEBUG: Building up the xpath expression to a node in an xml tree.
[THREAD:Thread-1 MODULE:reversal_utilities FILE_LINE:reversal_utilities.py:47] DEBUG: Built xpath expression "node[@pred="be"][@tense="past"][@mood="dcl"]/rel[@name="Arg1"]/node/rel[@name="GenRel"]/node[@pred="stop.01"][@tense="past"]/rel[@name="Arg0"]/node[@pred="he"]" to an xml tree node.
[THREAD:Thread-1 MODULE:reversal_utilities FILE_LINE:reversal_utilities.py:30] DEBUG: Building up the xpath expression to a node in an xml tree.
[THREAD:Thread-1 MODULE:reversal_utilities FILE_LINE:reversal_utilities.py:47] DEBUG: Built xpath expression "node[@pred="be"][@tense="past"][@mood="dcl"]/rel[@name="Arg0"]/node[@pred="Godzilla"][@num="sg"]" to an xml tree node.
[THREAD:Thread-1 MODULE:reversal_utilities FILE_LINE:reversal_utilities.py:30] DEBUG: Building up the xpath expression to a node in an xml tree.
[THREAD:Thread-1 MODULE:reversal_utilities FILE_LINE:reversal_utilities.py:47] DEBUG: Built xpath expression "node[@pred="be"][@tense="past"][@mood="dcl"]/rel[@name="Arg1"]/node/rel[@name="GenRel"]/node[@pred="stop.01"][@tense="past"]/rel[@name="Mod"]/node[@pred="with"]" to an xml tree node.
[THREAD:Thread-1 MODULE:reversal_utilities FILE_LINE:reversal_utilities.py:30] DEBUG: Building up the xpath expression to a node in an xml tree.
[THREAD:Thread-1 MODULE:reversal_utilities FILE_LINE:reversal_utilities.py:47] DEBUG: Built xpath expression "node[@pred="be"][@tense="past"][@mood="dcl"]/rel[@name="Arg1"]/node/rel[@name="GenRel"]/node[@pred="stop.01"][@tense="past"]/rel[@name="Mod"]/node[@pred="with"]/rel[@name="Arg1"]/node[@pred="laser"][@num="sg"]" to an xml tree node.
[THREAD:Thread-1 MODULE:reversal_utilities FILE_LINE:reversal_utilities.py:30] DEBUG: Building up the xpath expression to a node in an xml tree.
[THREAD:Thread-1 MODULE:reversal_utilities FILE_LINE:reversal_utilities.py:47] DEBUG: Built xpath expression "node[@pred="be"][@tense="past"][@mood="dcl"]/rel[@name="Arg1"]/node/rel[@name="GenRel"]/node[@pred="stop.01"][@tense="past"]/rel[@name="Mod"]/node[@pred="with"]/rel[@name="Arg1"]/node[@pred="laser"][@num="sg"]/rel[@name="Det"]/node[@pred="the"]" to an xml tree node.
[THREAD:Thread-1 MODULE:reversal_utilities FILE_LINE:reversal_utilities.py:30] DEBUG: Building up the xpath expression to a node in an xml tree.
[THREAD:Thread-1 MODULE:reversal_utilities FILE_LINE:reversal_utilities.py:47] DEBUG: Built xpath expression "node[@pred="PASS"][@tense="past"][@mood="dcl"]/rel[@name="Arg1"]/node[@pred="stop.01"][@partic="pass"]" to an xml tree node.
[THREAD:Thread-1 MODULE:reversal_utilities FILE_LINE:reversal_utilities.py:30] DEBUG: Building up the xpath expression to a node in an xml tree.
[THREAD:Thread-1 MODULE:reversal_utilities FILE_LINE:reversal_utilities.py:47] DEBUG: Built xpath expression "node[@pred="PASS"][@tense="past"][@mood="dcl"]/rel[@name="Arg1"]/node[@pred="stop.01"][@partic="pass"]/rel[@name="Arg0"]/node[@pred="by"]/rel[@name="Arg1"]/node[@pred="him"]" to an xml tree node.
[THREAD:Thread-1 MODULE:reversal_utilities FILE_LINE:reversal_utilities.py:30] DEBUG: Building up the xpath expression to a node in an xml tree.
[THREAD:Thread-1 MODULE:reversal_utilities FILE_LINE:reversal_utilities.py:47] DEBUG: Built xpath expression "node[@pred="PASS"][@tense="past"][@mood="dcl"]/rel[@name="Arg0"]/node[@pred="Godzilla"][@num="sg"]" to an xml tree node.
[THREAD:Thread-1 MODULE:reversal_utilities FILE_LINE:reversal_utilities.py:30] DEBUG: Building up the xpath expression to a node in an xml tree.
[THREAD:Thread-1 MODULE:reversal_utilities FILE_LINE:reversal_utilities.py:47] DEBUG: Built xpath expression "node[@pred="PASS"][@tense="past"][@mood="dcl"]/rel[@name="Arg0"]/node[@pred="Godzilla"][@num="sg"]/rel[@name="Mod"]/node[@pred="with"]" to an xml tree node.
[THREAD:Thread-1 MODULE:reversal_utilities FILE_LINE:reversal_utilities.py:30] DEBUG: Building up the xpath expression to a node in an xml tree.
[THREAD:Thread-1 MODULE:reversal_utilities FILE_LINE:reversal_utilities.py:47] DEBUG: Built xpath expression "node[@pred="PASS"][@tense="past"][@mood="dcl"]/rel[@name="Arg0"]/node[@pred="Godzilla"][@num="sg"]/rel[@name="Mod"]/node[@pred="with"]/rel[@name="Arg1"]/node[@pred="laser"][@num="sg"]" to an xml tree node.
[THREAD:Thread-1 MODULE:reversal_utilities FILE_LINE:reversal_utilities.py:30] DEBUG: Building up the xpath expression to a node in an xml tree.
[THREAD:Thread-1 MODULE:reversal_utilities FILE_LINE:reversal_utilities.py:47] DEBUG: Built xpath expression "node[@pred="PASS"][@tense="past"][@mood="dcl"]/rel[@name="Arg0"]/node[@pred="Godzilla"][@num="sg"]/rel[@name="Mod"]/node[@pred="with"]/rel[@name="Arg1"]/node[@pred="laser"][@num="sg"]/rel[@name="Det"]/node[@pred="the"]" to an xml tree node.
[THREAD:Thread-1 MODULE:reversal_utilities FILE_LINE:reversal_utilities.py:30] DEBUG: Building up the xpath expression to a node in an xml tree.
[THREAD:Thread-1 MODULE:reversal_utilities FILE_LINE:reversal_utilities.py:47] DEBUG: Built xpath expression "node[@pred="be"][@tense="past"][@mood="dcl"]/rel[@name="Arg1"]/node/rel[@name="GenRel"]/node[@pred="stop.01"][@tense="past"]" to an xml tree node.
[THREAD:Thread-1 MODULE:reversal_utilities FILE_LINE:reversal_utilities.py:30] DEBUG: Building up the xpath expression to a node in an xml tree.
[THREAD:Thread-1 MODULE:reversal_utilities FILE_LINE:reversal_utilities.py:47] DEBUG: Built xpath expression "node[@pred="be"][@tense="past"][@mood="dcl"]/rel[@name="Arg1"]/node/rel[@name="GenRel"]/node[@pred="stop.01"][@tense="past"]/rel[@name="Arg0"]/node[@pred="he"]" to an xml tree node.
[THREAD:Thread-1 MODULE:reversal_utilities FILE_LINE:reversal_utilities.py:30] DEBUG: Building up the xpath expression to a node in an xml tree.
[THREAD:Thread-1 MODULE:reversal_utilities FILE_LINE:reversal_utilities.py:47] DEBUG: Built xpath expression "node[@pred="be"][@tense="past"][@mood="dcl"]/rel[@name="Arg0"]/node[@pred="Godzilla"][@num="sg"]" to an xml tree node.
[THREAD:Thread-1 MODULE:reversal_utilities FILE_LINE:reversal_utilities.py:30] DEBUG: Building up the xpath expression to a node in an xml tree.
[THREAD:Thread-1 MODULE:reversal_utilities FILE_LINE:reversal_utilities.py:47] DEBUG: Built xpath expression "node[@pred="be"][@tense="past"][@mood="dcl"]/rel[@name="Arg0"]/node[@pred="Godzilla"][@num="sg"]/rel[@name="Mod"]/node[@pred="with"]" to an xml tree node.
[THREAD:Thread-1 MODULE:reversal_utilities FILE_LINE:reversal_utilities.py:30] DEBUG: Building up the xpath expression to a node in an xml tree.
[THREAD:Thread-1 MODULE:reversal_utilities FILE_LINE:reversal_utilities.py:47] DEBUG: Built xpath expression "node[@pred="be"][@tense="past"][@mood="dcl"]/rel[@name="Arg0"]/node[@pred="Godzilla"][@num="sg"]/rel[@name="Mod"]/node[@pred="with"]/rel[@name="Arg1"]/node[@pred="laser"][@num="sg"]" to an xml tree node.
[THREAD:Thread-1 MODULE:reversal_utilities FILE_LINE:reversal_utilities.py:30] DEBUG: Building up the xpath expression to a node in an xml tree.
[THREAD:Thread-1 MODULE:reversal_utilities FILE_LINE:reversal_utilities.py:47] DEBUG: Built xpath expression "node[@pred="be"][@tense="past"][@mood="dcl"]/rel[@name="Arg0"]/node[@pred="Godzilla"][@num="sg"]/rel[@name="Mod"]/node[@pred="with"]/rel[@name="Arg1"]/node[@pred="laser"][@num="sg"]/rel[@name="Det"]/node[@pred="the"]" to an xml tree node.
[THREAD:Thread-1 MODULE:rewrite_utilities FILE_LINE:rewrite_utilities.py:296] DEBUG: Finished applying possible rewrites to sentences [Sentence(parent_file_name: data/novel_dev/test_small, full_id: s1, top_parse: <Parse: s1-1>,next_best_parse: <Parse: s1-2>]
[THREAD:Thread-1 MODULE:disambig_utilities FILE_LINE:disambig_utilities.py:25] DEBUG: Realizing parses for data/novel_dev/test_small 
[THREAD:Thread-1 MODULE:build_utilities FILE_LINE:build_utilities.py:57] DEBUG: Attempting to realize /home/hill1303/openccg/ccgbank/data/novel_dev/test_small using target test-novel.
[THREAD:Thread-1 MODULE:build_utilities FILE_LINE:build_utilities.py:62] DEBUG: Finished realizing data/novel_dev/test_small with captured output Buildfile: /home/hill1303/openccg/ccgbank/build-rz.xml

init:

load-prefs-test:
     [echo] Loading rz-test.prefs
     [java] Importing preferences from prefsfile: ./models/realizer/rz-test.prefs

test-realizer-novel:
     [echo] Realizing data/novel_dev/test_small.dir/tb.xml to data/novel_dev/test_small.dir/realize.nbest

test-novel:

BUILD SUCCESSFUL
Total time: 13 seconds

[THREAD:Thread-1 MODULE:rewrite_utilities FILE_LINE:rewrite_utilities.py:334] DEBUG: Checking if realization <Element 'best' at 0x7f8aa7eeb1e0> for rewrite <novel_disambiguation.models.rewrite.Rewrite instance at 0x7f8aa87346c8> breaks ambiguous span for parse <Parse: s1-1>
[THREAD:Thread-1 MODULE:rewrite_utilities FILE_LINE:rewrite_utilities.py:301] DEBUG: Establishing correspondence between parse <Parse: s1-1> and its realization.
[THREAD:Thread-1 MODULE:rewrite_utilities FILE_LINE:rewrite_utilities.py:328] DEBUG: Established correspondence...
{(1, 'stop.01'): (2, 'stop.01'), (2, 'Godzilla'): (0, 'Godzilla'), (3, 'with'): (5, 'with')} 
for parse <Parse: s1-1> and its realization.
[THREAD:Thread-1 MODULE:reversal_utilities FILE_LINE:reversal_utilities.py:16] DEBUG: Calculating relative word distances for word mapping {1: 'stop.01', 2: 'Godzilla', 3: 'with'}
[THREAD:Thread-1 MODULE:reversal_utilities FILE_LINE:reversal_utilities.py:25] DEBUG: Calculated relative word distances as {('Godzilla', 'with'): -1, ('Godzilla', 'stop.01'): 1, ('stop.01', 'Godzilla'): -1, ('with', 'stop.01'): 2, ('with', 'Godzilla'): 1, ('stop.01', 'with'): -2}
[THREAD:Thread-1 MODULE:reversal_utilities FILE_LINE:reversal_utilities.py:16] DEBUG: Calculating relative word distances for word mapping {0: 'Godzilla', 2: 'stop.01', 5: 'with'}
[THREAD:Thread-1 MODULE:reversal_utilities FILE_LINE:reversal_utilities.py:25] DEBUG: Calculated relative word distances as {('Godzilla', 'with'): -5, ('Godzilla', 'stop.01'): -2, ('stop.01', 'Godzilla'): 2, ('with', 'stop.01'): 3, ('with', 'Godzilla'): 5, ('stop.01', 'with'): -3}
[THREAD:Thread-1 MODULE:reversal_utilities FILE_LINE:reversal_utilities.py:92] DEBUG: Checking for changes in distance between...{('Godzilla', 'with'): -1, ('Godzilla', 'stop.01'): 1, ('stop.01', 'Godzilla'): -1, ('with', 'stop.01'): 2, ('with', 'Godzilla'): 1, ('stop.01', 'with'): -2}...and...{('Godzilla', 'with'): -5, ('Godzilla', 'stop.01'): -2, ('stop.01', 'Godzilla'): 2, ('with', 'stop.01'): 3, ('with', 'Godzilla'): 5, ('stop.01', 'with'): -3}
[THREAD:Thread-1 MODULE:reversal_utilities FILE_LINE:reversal_utilities.py:98] DEBUG: Distances changed between...{('Godzilla', 'with'): -1, ('Godzilla', 'stop.01'): 1, ('stop.01', 'Godzilla'): -1, ('with', 'stop.01'): 2, ('with', 'Godzilla'): 1, ('stop.01', 'with'): -2}...and...{('Godzilla', 'with'): -5, ('Godzilla', 'stop.01'): -2, ('stop.01', 'Godzilla'): 2, ('with', 'stop.01'): 3, ('with', 'Godzilla'): 5, ('stop.01', 'with'): -3}
[THREAD:Thread-1 MODULE:rewrite_utilities FILE_LINE:rewrite_utilities.py:360] DEBUG: Realization <Element 'best' at 0x7f8aa7eeb1e0> breaks ambiguous span for parse <Parse: s1-1>
[THREAD:Thread-1 MODULE:rewrite_utilities FILE_LINE:rewrite_utilities.py:334] DEBUG: Checking if realization <Element 'best' at 0x7f8aa7ef1f30> for rewrite <novel_disambiguation.models.rewrite.Rewrite instance at 0x7f8aa7ecd6c8> breaks ambiguous span for parse <Parse: s1-1>
[THREAD:Thread-1 MODULE:rewrite_utilities FILE_LINE:rewrite_utilities.py:301] DEBUG: Establishing correspondence between parse <Parse: s1-1> and its realization.
[THREAD:Thread-1 MODULE:rewrite_utilities FILE_LINE:rewrite_utilities.py:328] DEBUG: Established correspondence...
{(1, 'stop.01'): (4, 'stop.01'), (2, 'Godzilla'): (0, 'Godzilla'), (3, 'with'): (5, 'with')} 
for parse <Parse: s1-1> and its realization.
[THREAD:Thread-1 MODULE:reversal_utilities FILE_LINE:reversal_utilities.py:16] DEBUG: Calculating relative word distances for word mapping {1: 'stop.01', 2: 'Godzilla', 3: 'with'}
[THREAD:Thread-1 MODULE:reversal_utilities FILE_LINE:reversal_utilities.py:25] DEBUG: Calculated relative word distances as {('Godzilla', 'with'): -1, ('Godzilla', 'stop.01'): 1, ('stop.01', 'Godzilla'): -1, ('with', 'stop.01'): 2, ('with', 'Godzilla'): 1, ('stop.01', 'with'): -2}
[THREAD:Thread-1 MODULE:reversal_utilities FILE_LINE:reversal_utilities.py:16] DEBUG: Calculating relative word distances for word mapping {0: 'Godzilla', 4: 'stop.01', 5: 'with'}
[THREAD:Thread-1 MODULE:reversal_utilities FILE_LINE:reversal_utilities.py:25] DEBUG: Calculated relative word distances as {('Godzilla', 'with'): -5, ('Godzilla', 'stop.01'): -4, ('stop.01', 'Godzilla'): 4, ('with', 'stop.01'): 1, ('with', 'Godzilla'): 5, ('stop.01', 'with'): -1}
[THREAD:Thread-1 MODULE:reversal_utilities FILE_LINE:reversal_utilities.py:92] DEBUG: Checking for changes in distance between...{('Godzilla', 'with'): -1, ('Godzilla', 'stop.01'): 1, ('stop.01', 'Godzilla'): -1, ('with', 'stop.01'): 2, ('with', 'Godzilla'): 1, ('stop.01', 'with'): -2}...and...{('Godzilla', 'with'): -5, ('Godzilla', 'stop.01'): -4, ('stop.01', 'Godzilla'): 4, ('with', 'stop.01'): 1, ('with', 'Godzilla'): 5, ('stop.01', 'with'): -1}
[THREAD:Thread-1 MODULE:reversal_utilities FILE_LINE:reversal_utilities.py:98] DEBUG: Distances changed between...{('Godzilla', 'with'): -1, ('Godzilla', 'stop.01'): 1, ('stop.01', 'Godzilla'): -1, ('with', 'stop.01'): 2, ('with', 'Godzilla'): 1, ('stop.01', 'with'): -2}...and...{('Godzilla', 'with'): -5, ('Godzilla', 'stop.01'): -4, ('stop.01', 'Godzilla'): 4, ('with', 'stop.01'): 1, ('with', 'Godzilla'): 5, ('stop.01', 'with'): -1}
[THREAD:Thread-1 MODULE:rewrite_utilities FILE_LINE:rewrite_utilities.py:360] DEBUG: Realization <Element 'best' at 0x7f8aa7ef1f30> breaks ambiguous span for parse <Parse: s1-1>
[THREAD:Thread-1 MODULE:rewrite_utilities FILE_LINE:rewrite_utilities.py:334] DEBUG: Checking if realization <Element 'best' at 0x7f8aa7f01240> for rewrite <novel_disambiguation.models.rewrite.Rewrite instance at 0x7f8aa8742b48> breaks ambiguous span for parse <Parse: s1-2>
[THREAD:Thread-1 MODULE:rewrite_utilities FILE_LINE:rewrite_utilities.py:301] DEBUG: Establishing correspondence between parse <Parse: s1-2> and its realization.
[THREAD:Thread-1 MODULE:rewrite_utilities FILE_LINE:rewrite_utilities.py:328] DEBUG: Established correspondence...
{(1, 'stop.01'): (5, 'stop.01'), (2, 'Godzilla'): (0, 'Godzilla'), (3, 'with'): (1, 'with')} 
for parse <Parse: s1-2> and its realization.
[THREAD:Thread-1 MODULE:reversal_utilities FILE_LINE:reversal_utilities.py:16] DEBUG: Calculating relative word distances for word mapping {1: 'stop.01', 2: 'Godzilla', 3: 'with'}
[THREAD:Thread-1 MODULE:reversal_utilities FILE_LINE:reversal_utilities.py:25] DEBUG: Calculated relative word distances as {('Godzilla', 'with'): -1, ('Godzilla', 'stop.01'): 1, ('stop.01', 'Godzilla'): -1, ('with', 'stop.01'): 2, ('with', 'Godzilla'): 1, ('stop.01', 'with'): -2}
[THREAD:Thread-1 MODULE:reversal_utilities FILE_LINE:reversal_utilities.py:16] DEBUG: Calculating relative word distances for word mapping {0: 'Godzilla', 1: 'with', 5: 'stop.01'}
[THREAD:Thread-1 MODULE:reversal_utilities FILE_LINE:reversal_utilities.py:25] DEBUG: Calculated relative word distances as {('Godzilla', 'with'): -1, ('Godzilla', 'stop.01'): -5, ('stop.01', 'Godzilla'): 5, ('with', 'stop.01'): -4, ('with', 'Godzilla'): 1, ('stop.01', 'with'): 4}
[THREAD:Thread-1 MODULE:reversal_utilities FILE_LINE:reversal_utilities.py:92] DEBUG: Checking for changes in distance between...{('Godzilla', 'with'): -1, ('Godzilla', 'stop.01'): 1, ('stop.01', 'Godzilla'): -1, ('with', 'stop.01'): 2, ('with', 'Godzilla'): 1, ('stop.01', 'with'): -2}...and...{('Godzilla', 'with'): -1, ('Godzilla', 'stop.01'): -5, ('stop.01', 'Godzilla'): 5, ('with', 'stop.01'): -4, ('with', 'Godzilla'): 1, ('stop.01', 'with'): 4}
[THREAD:Thread-1 MODULE:reversal_utilities FILE_LINE:reversal_utilities.py:98] DEBUG: Distances changed between...{('Godzilla', 'with'): -1, ('Godzilla', 'stop.01'): 1, ('stop.01', 'Godzilla'): -1, ('with', 'stop.01'): 2, ('with', 'Godzilla'): 1, ('stop.01', 'with'): -2}...and...{('Godzilla', 'with'): -1, ('Godzilla', 'stop.01'): -5, ('stop.01', 'Godzilla'): 5, ('with', 'stop.01'): -4, ('with', 'Godzilla'): 1, ('stop.01', 'with'): 4}
[THREAD:Thread-1 MODULE:rewrite_utilities FILE_LINE:rewrite_utilities.py:360] DEBUG: Realization <Element 'best' at 0x7f8aa7f01240> breaks ambiguous span for parse <Parse: s1-2>
[THREAD:Thread-1 MODULE:rewrite_utilities FILE_LINE:rewrite_utilities.py:334] DEBUG: Checking if realization <Element 'best' at 0x7f8aa7e8a1e0> for rewrite <novel_disambiguation.models.rewrite.Rewrite instance at 0x7f8aa7ecd8c0> breaks ambiguous span for parse <Parse: s1-2>
[THREAD:Thread-1 MODULE:rewrite_utilities FILE_LINE:rewrite_utilities.py:301] DEBUG: Establishing correspondence between parse <Parse: s1-2> and its realization.
[THREAD:Thread-1 MODULE:rewrite_utilities FILE_LINE:rewrite_utilities.py:328] DEBUG: Established correspondence...
{(1, 'stop.01'): (7, 'stop.01'), (2, 'Godzilla'): (0, 'Godzilla'), (3, 'with'): (1, 'with')} 
for parse <Parse: s1-2> and its realization.
[THREAD:Thread-1 MODULE:reversal_utilities FILE_LINE:reversal_utilities.py:16] DEBUG: Calculating relative word distances for word mapping {1: 'stop.01', 2: 'Godzilla', 3: 'with'}
[THREAD:Thread-1 MODULE:reversal_utilities FILE_LINE:reversal_utilities.py:25] DEBUG: Calculated relative word distances as {('Godzilla', 'with'): -1, ('Godzilla', 'stop.01'): 1, ('stop.01', 'Godzilla'): -1, ('with', 'stop.01'): 2, ('with', 'Godzilla'): 1, ('stop.01', 'with'): -2}
[THREAD:Thread-1 MODULE:reversal_utilities FILE_LINE:reversal_utilities.py:16] DEBUG: Calculating relative word distances for word mapping {0: 'Godzilla', 1: 'with', 7: 'stop.01'}
[THREAD:Thread-1 MODULE:reversal_utilities FILE_LINE:reversal_utilities.py:25] DEBUG: Calculated relative word distances as {('Godzilla', 'with'): -1, ('Godzilla', 'stop.01'): -7, ('stop.01', 'Godzilla'): 7, ('with', 'stop.01'): -6, ('with', 'Godzilla'): 1, ('stop.01', 'with'): 6}
[THREAD:Thread-1 MODULE:reversal_utilities FILE_LINE:reversal_utilities.py:92] DEBUG: Checking for changes in distance between...{('Godzilla', 'with'): -1, ('Godzilla', 'stop.01'): 1, ('stop.01', 'Godzilla'): -1, ('with', 'stop.01'): 2, ('with', 'Godzilla'): 1, ('stop.01', 'with'): -2}...and...{('Godzilla', 'with'): -1, ('Godzilla', 'stop.01'): -7, ('stop.01', 'Godzilla'): 7, ('with', 'stop.01'): -6, ('with', 'Godzilla'): 1, ('stop.01', 'with'): 6}
[THREAD:Thread-1 MODULE:reversal_utilities FILE_LINE:reversal_utilities.py:98] DEBUG: Distances changed between...{('Godzilla', 'with'): -1, ('Godzilla', 'stop.01'): 1, ('stop.01', 'Godzilla'): -1, ('with', 'stop.01'): 2, ('with', 'Godzilla'): 1, ('stop.01', 'with'): -2}...and...{('Godzilla', 'with'): -1, ('Godzilla', 'stop.01'): -7, ('stop.01', 'Godzilla'): 7, ('with', 'stop.01'): -6, ('with', 'Godzilla'): 1, ('stop.01', 'with'): 6}
[THREAD:Thread-1 MODULE:rewrite_utilities FILE_LINE:rewrite_utilities.py:360] DEBUG: Realization <Element 'best' at 0x7f8aa7e8a1e0> breaks ambiguous span for parse <Parse: s1-2>
[THREAD:Thread-1 MODULE:reversal_utilities FILE_LINE:reversal_utilities.py:152] DEBUG: Preparing reversals for sentences [Sentence(parent_file_name: data/novel_dev/test_small, full_id: s1, top_parse: <Parse: s1-1>,next_best_parse: <Parse: s1-2>] using directory data/novel_dev/test_small.dir
[THREAD:Thread-1 MODULE:reversal_utilities FILE_LINE:reversal_utilities.py:107] DEBUG: Checking if ambiguous span is broken by realization of parse <Parse: s1-1>
[THREAD:Thread-1 MODULE:reversal_utilities FILE_LINE:reversal_utilities.py:134] DEBUG: reference text "he stopped Godzilla with the laser ." was identical to realization text "he stopped Godzilla with the laser ."
[THREAD:Thread-1 MODULE:reversal_utilities FILE_LINE:reversal_utilities.py:107] DEBUG: Checking if ambiguous span is broken by realization of parse <Parse: s1-1>
[THREAD:Thread-1 MODULE:reversal_utilities FILE_LINE:reversal_utilities.py:53] DEBUG: Establishing correspondence between parse <Parse: s1-1> and its realization.
[THREAD:Thread-1 MODULE:reversal_utilities FILE_LINE:reversal_utilities.py:30] DEBUG: Building up the xpath expression to a node in an xml tree.
[THREAD:Thread-1 MODULE:reversal_utilities FILE_LINE:reversal_utilities.py:47] DEBUG: Built xpath expression "node[@pred="stop.01"][@tense="past"][@mood="dcl"]" to an xml tree node.
[THREAD:Thread-1 MODULE:reversal_utilities FILE_LINE:reversal_utilities.py:30] DEBUG: Building up the xpath expression to a node in an xml tree.
[THREAD:Thread-1 MODULE:reversal_utilities FILE_LINE:reversal_utilities.py:47] DEBUG: Built xpath expression "node[@pred="stop.01"][@tense="past"][@mood="dcl"]/rel[@name="Arg1"]/node[@pred="Godzilla"][@num="sg"]" to an xml tree node.
[THREAD:Thread-1 MODULE:reversal_utilities FILE_LINE:reversal_utilities.py:30] DEBUG: Building up the xpath expression to a node in an xml tree.
[THREAD:Thread-1 MODULE:reversal_utilities FILE_LINE:reversal_utilities.py:47] DEBUG: Built xpath expression "node[@pred="stop.01"][@tense="past"][@mood="dcl"]/rel[@name="Mod"]/node[@pred="with"]" to an xml tree node.
[THREAD:Thread-1 MODULE:reversal_utilities FILE_LINE:reversal_utilities.py:86] DEBUG: Established correspondence...{(1, 'stop.01'): (1, 'stop.01'), (2, 'Godzilla'): (5, 'Godzilla'), (3, 'with'): (2, 'with')} for parse <Parse: s1-1> and its realization.
[THREAD:Thread-1 MODULE:reversal_utilities FILE_LINE:reversal_utilities.py:16] DEBUG: Calculating relative word distances for word mapping {1: 'stop.01', 2: 'Godzilla', 3: 'with'}
[THREAD:Thread-1 MODULE:reversal_utilities FILE_LINE:reversal_utilities.py:25] DEBUG: Calculated relative word distances as {('Godzilla', 'with'): -1, ('Godzilla', 'stop.01'): 1, ('stop.01', 'Godzilla'): -1, ('with', 'stop.01'): 2, ('with', 'Godzilla'): 1, ('stop.01', 'with'): -2}
[THREAD:Thread-1 MODULE:reversal_utilities FILE_LINE:reversal_utilities.py:16] DEBUG: Calculating relative word distances for word mapping {1: 'stop.01', 2: 'with', 5: 'Godzilla'}
[THREAD:Thread-1 MODULE:reversal_utilities FILE_LINE:reversal_utilities.py:25] DEBUG: Calculated relative word distances as {('Godzilla', 'with'): 3, ('Godzilla', 'stop.01'): 4, ('stop.01', 'Godzilla'): -4, ('with', 'stop.01'): 1, ('with', 'Godzilla'): -3, ('stop.01', 'with'): -1}
[THREAD:Thread-1 MODULE:reversal_utilities FILE_LINE:reversal_utilities.py:92] DEBUG: Checking for changes in distance between...{('Godzilla', 'with'): -1, ('Godzilla', 'stop.01'): 1, ('stop.01', 'Godzilla'): -1, ('with', 'stop.01'): 2, ('with', 'Godzilla'): 1, ('stop.01', 'with'): -2}...and...{('Godzilla', 'with'): 3, ('Godzilla', 'stop.01'): 4, ('stop.01', 'Godzilla'): -4, ('with', 'stop.01'): 1, ('with', 'Godzilla'): -3, ('stop.01', 'with'): -1}
[THREAD:Thread-1 MODULE:reversal_utilities FILE_LINE:reversal_utilities.py:98] DEBUG: Distances changed between...{('Godzilla', 'with'): -1, ('Godzilla', 'stop.01'): 1, ('stop.01', 'Godzilla'): -1, ('with', 'stop.01'): 2, ('with', 'Godzilla'): 1, ('stop.01', 'with'): -2}...and...{('Godzilla', 'with'): 3, ('Godzilla', 'stop.01'): 4, ('stop.01', 'Godzilla'): -4, ('with', 'stop.01'): 1, ('with', 'Godzilla'): -3, ('stop.01', 'with'): -1}
[THREAD:Thread-1 MODULE:reversal_utilities FILE_LINE:reversal_utilities.py:107] DEBUG: Checking if ambiguous span is broken by realization of parse <Parse: s1-2>
[THREAD:Thread-1 MODULE:reversal_utilities FILE_LINE:reversal_utilities.py:134] DEBUG: reference text "he stopped Godzilla with the laser ." was identical to realization text "he stopped Godzilla with the laser ."
[THREAD:Thread-1 MODULE:reversal_utilities FILE_LINE:reversal_utilities.py:178] DEBUG: Finished preparing reversals for sentences [Sentence(parent_file_name: data/novel_dev/test_small, full_id: s1, top_parse: <Parse: s1-1>,next_best_parse: <Parse: s1-2>] using directory data/novel_dev/test_small.dir
[THREAD:Thread-1 MODULE:reversal_utilities FILE_LINE:reversal_utilities.py:140] DEBUG: Writing out ['he stopped with the laser Godzilla .'] to data/novel_dev/test_small.dir/reversals
[THREAD:Thread-1 MODULE:reversal_utilities FILE_LINE:reversal_utilities.py:146] DEBUG: Finisied writing out ['he stopped with the laser Godzilla .'] to data/novel_dev/test_small.dir/reversals
[THREAD:Thread-1 MODULE:disambig_utilities FILE_LINE:disambig_utilities.py:32] DEBUG: Parsing text file data/novel_dev/test_small.dir/reversals 
[THREAD:Thread-1 MODULE:build_utilities FILE_LINE:build_utilities.py:30] DEBUG: Attempting to parse /home/hill1303/openccg/ccgbank/data/novel_dev/test_small.dir/reversals using target test-parser-novel-nbest.
[THREAD:Thread-1 MODULE:build_utilities FILE_LINE:build_utilities.py:36] DEBUG: Finished parsing data/novel_dev/test_small.dir/reversals with captured output Buildfile: /home/hill1303/openccg/ccgbank/build-ps.xml

init:

prepare-novel-dir:
    [mkdir] Created dir: /home/hill1303/openccg/ccgbank/data/novel_dev/test_small.dir/reversals.dir

check-for-tok:

prepare-novel-text:

check-truecased-text:

truecase-text:
     [echo] Truecasing text for NER tagging into file data/novel_dev/test_small.dir/reversals.dir/truecased-text

check-for-ner:

ner-tag-text:
     [echo] NER tagging into file data/novel_dev/test_small.dir/reversals.dir/nertext
     [echo] Models: ./stanford-nlp/classifiers/english.all.3class.distsim.crf.ser.gz , ./stanford-nlp/classifiers/english.muc.7class.distsim.crf.ser.gz, ./stanford-nlp/classifiers/english.conll.4class.distsim.crf.ser.gz
   [delete] Deleting: /home/hill1303/openccg/ccgbank/data/novel_dev/test_small.dir/reversals.dir/tmplogf

check-for-pos-prep:

postag-prep:

check-novel-pos-tags:

postag-novel:
     [echo] POS tagging novel sentences to data/novel_dev/test_small.dir/reversals.dir/pos

check-merged-ne-pos:

merge-ne-pos:
     [echo] Merging POS-tagged words and NE-labelled words for morph file creation

check-novel-morph-xml:

make-novel-morph-xml:
     [echo] Sorting and stemming to data/novel_dev/test_small.dir/reversals.dir/morph
   [delete] Deleting: /home/hill1303/openccg/ccgbank/data/novel_dev/test_small.dir/reversals.dir/tmplogf

copy-train-grammar-novel:
     [echo] Copying training grammar with cutoffs and other miscellanea to data/novel_dev/test_small.dir/reversals.dir/extract/
     [copy] Copying 4 files to /home/hill1303/openccg/ccgbank/data/novel_dev/test_small.dir/reversals.dir/extract
     [copy] Copying 4 files to /home/hill1303/openccg/ccgbank/data/novel_dev/test_small.dir/reversals.dir/extract
     [copy] Copying 1 file to /home/hill1303/openccg/ccgbank/data/novel_dev/test_small.dir/reversals.dir/extract/info

merge-novel-morph-xml:
     [echo] Merging training morph (with cutoffs) and novel morph to data/novel_dev/test_small.dir/reversals.dir/extract/morph.xml
     [xslt] Processing /home/hill1303/openccg/ccgbank/extract/grammars/train-cfc10/morph.xml to /home/hill1303/openccg/ccgbank/data/novel_dev/test_small.dir/reversals.dir/extract/morph.xml
     [xslt] Loading stylesheet /home/hill1303/openccg/ccgbank/templates/mergeMorph.xsl

check-test-parser-novel-nbest:

test-parser-novel-nbest:
     [echo] Loading parse.prefs
     [echo] Parsing data/novel_dev/test_small.dir/reversals.dir/nertext-nolabs to data/novel_dev/test_small.dir/reversals.dir/tb.xml

BUILD SUCCESSFUL
Total time: 25 seconds

[THREAD:Thread-1 MODULE:reversal_utilities FILE_LINE:reversal_utilities.py:185] DEBUG: Validating reversals for sentences [Sentence(parent_file_name: data/novel_dev/test_small, full_id: s1, top_parse: <Parse: s1-1>,next_best_parse: <Parse: s1-2>] using directory data/novel_dev/test_small.dir
[THREAD:Thread-1 MODULE:reversal_utilities FILE_LINE:reversal_utilities.py:205] DEBUG: Finished validating reversals for sentences [Sentence(parent_file_name: data/novel_dev/test_small, full_id: s1, top_parse: <Parse: s1-1>,next_best_parse: <Parse: s1-2>] using directory data/novel_dev/test_small.dir
[THREAD:Thread-1 MODULE:disambig_utilities FILE_LINE:disambig_utilities.py:37] DEBUG: Finished processing text file data/novel_dev/test_small into directory data/novel_dev/test_small.dir
[THREAD:Thread-1 MODULE:disambig_utilities FILE_LINE:disambig_utilities.py:55] INFO: Finished processing data/novel_dev/test_small
